1495765083144	geckodriver	INFO	Listening on 127.0.0.1:62100
1495765085160	geckodriver::marionette	INFO	Starting browser \\?\D:\firefox\firefox.exe with args ["-marionette"]
1495765085420	addons.manager	ERROR	startup failed: [Exception... "Component returned failure code: 0x80070057 (NS_ERROR_ILLEGAL_VALUE) [nsIFile.create]"  nsresult: "0x80070057 (NS_ERROR_ILLEGAL_VALUE)"  location: "JS frame :: resource://gre/modules/FileUtils.jsm :: FileUtils_getDir :: line 70"  data: no] Stack trace: FileUtils_getDir()@resource://gre/modules/FileUtils.jsm:70 < FileUtils_getFile()@resource://gre/modules/FileUtils.jsm:42 < validateBlocklist()@resource://gre/modules/AddonManager.jsm:671 < startup()@resource://gre/modules/AddonManager.jsm:834 < startup()@resource://gre/modules/AddonManager.jsm:3129 < observe()@resource://gre/components/addonManager.js:65
JavaScript error: resource://gre/modules/AddonManager.jsm, line 1657: NS_ERROR_NOT_INITIALIZED: AddonManager is not initialized
[GFX1]: Potential driver version mismatch ignored due to missing DLLs 0.0.0.0 and 0.0.0.0
JavaScript error: resource://gre/components/SanityTest.js, line 65: NS_ERROR_FILE_ACCESS_DENIED: Component returned failure code: 0x80520015 (NS_ERROR_FILE_ACCESS_DENIED) [nsIPrefService.savePrefFile]
JavaScript error: resource://gre/modules/AddonManager.jsm, line 2570: NS_ERROR_NOT_INITIALIZED: AddonManager is not initialized
1495765090744	Marionette	INFO	Listening on port 62106
1495765090922	Marionette	WARN	TLS certificate errors will be ignored for this session
1495765097386	Marionette	INFO	New connections will no longer be accepted
FOUND) [nsIJumpListShortcut.app]
nette/content/atom.js:126:65
Da@chrome://marionette/content/atom.js:128:344
atom.getElementText/<@chrome://marionette/content/atom.js:129:91
atom.getElementText@chrome://marionette/content/atom.js:105:57
getElementText@chrome://marionette/content/listener.js:1274:10
dispatch/</req<@chrome://marionette/content/listener.js:365:22
TaskImpl_run@resource://gre/modules/Task.jsm:319:42
TaskImpl@resource://gre/modules/Task.jsm:277:3
asyncFunction@resource://gre/modules/Task.jsm:252:14
Task_spawn@resource://gre/modules/Task.jsm:166:12
dispatch/<@chrome://marionette/content/listener.js:363:15

*************************
JavaScript error: resource://app/modules/WindowsJumpLists.jsm, line 403: NS_ERROR_FILE_NOT_FOUND: Component returned failure code: 0x80520012 (NS_ERROR_FILE_NOT_FOUND) [nsIJumpListShortcut.app]
*****
1495615220743	addons.productaddons	WARN	Failed downloading XML, status: 0, reason: error
